{"level":"info","message":"Fri Jan 03 2025 16:01:58 GMT+0530 (India Standard Time) req URL: /api/users/signup  reqBody:{\"name\":\"Seller 1\",\"email\":\"seller@ecom.com\",\"password\":\"123456\",\"type\":\"seller\"}","service":"request-logging"}
{"level":"info","message":"Fri Jan 03 2025 16:09:11 GMT+0530 (India Standard Time) req URL: /api/users/signup  reqBody:{\"name\":\"Seller 1\",\"email\":\"seller@ecom.com\",\"password\":\"123456\",\"type\":\"seller\"}","service":"request-logging"}
{"level":"info","message":"Wed Jan 22 2025 05:30:21 GMT+0530 (India Standard Time) req URL: /api/users/signup  reqBody:{\"name\":\"Seller 1\",\"email\":\"seller@ecom.com\",\"password\":\"123456\",\"type\":\"seller\"}","service":"request-logging"}
{"level":"info","message":"Wed Jan 22 2025 05:30:59 GMT+0530 (India Standard Time) req URL: /api/users/signin  reqBody:{\"email\":\"seller@ecom.com\",\"password\":\"123456\"}","service":"request-logging"}
{"level":"info","message":"Wed Jan 22 2025 05:33:31 GMT+0530 (India Standard Time) req URL: /api/users/signin  reqBody:{\"email\":\"seller@ecom.com\",\"password\":\"1234569\"}","service":"request-logging"}
{"level":"info","message":"Wed Jan 22 2025 05:33:38 GMT+0530 (India Standard Time) req URL: /api/users/signin  reqBody:{\"email\":\"seller@ecom.com\",\"password\":\"123456\"}","service":"request-logging"}
{"level":"info","message":"Wed Jan 22 2025 05:48:05 GMT+0530 (India Standard Time) req URL: /api/users/signin  reqBody:{\"email\":\"seller@ecom.com\",\"password\":\"123456\"}","service":"request-logging"}
{"level":"info","message":"Wed Jan 22 2025 05:48:45 GMT+0530 (India Standard Time) req URL: /api/users/signin  reqBody:{\"email\":\"seller@ecom.com\",\"password\":\"123456\"}","service":"request-logging"}
{"level":"info","message":"Wed Jan 22 2025 06:32:26 GMT+0530 (India Standard Time) req URL: /api/products  reqBody:{}","service":"request-logging"}
{"level":"info","message":"Wed Jan 22 2025 06:41:43 GMT+0530 (India Standard Time) req URL: /api/products  reqBody:{}","service":"request-logging"}
{"level":"info","message":"Wed Jan 22 2025 06:41:48 GMT+0530 (India Standard Time) req URL: /api/users/signin  reqBody:{\"email\":\"seller@ecom.com\",\"password\":\"123456\"}","service":"request-logging"}
{"level":"info","message":"Wed Jan 22 2025 06:42:13 GMT+0530 (India Standard Time) req URL: /api/products  reqBody:{}","service":"request-logging"}
{"level":"info","message":"Wed Jan 22 2025 06:51:03 GMT+0530 (India Standard Time) req URL: /api/products  reqBody:{}","service":"request-logging"}
{"level":"info","message":"Wed Jan 22 2025 06:53:53 GMT+0530 (India Standard Time) req URL: /api/products  reqBody:{}","service":"request-logging"}
{"level":"info","message":"Wed Jan 22 2025 06:55:45 GMT+0530 (India Standard Time) req URL: /api/products  reqBody:{}","service":"request-logging"}
{"level":"info","message":"Wed Jan 22 2025 06:56:25 GMT+0530 (India Standard Time) req URL: /api/products  reqBody:{}","service":"request-logging"}
{"level":"info","message":"Wed Jan 22 2025 07:01:05 GMT+0530 (India Standard Time) req URL: /api/users/signup  reqBody:{\"name\":\"Seller 1\",\"email\":\"seller@ecom.com\",\"password\":\"123456\",\"type\":\"seller\"}","service":"request-logging"}
{"level":"info","message":"Wed Jan 22 2025 07:01:26 GMT+0530 (India Standard Time) req URL: /api/users/signin  reqBody:{\"email\":\"seller@ecom.com\",\"password\":\"123456\"}","service":"request-logging"}
{"level":"info","message":"Wed Jan 22 2025 07:02:07 GMT+0530 (India Standard Time) req URL: /api/api/products  reqBody:{}","service":"request-logging"}
{"level":"info","message":"Wed Jan 22 2025 07:02:23 GMT+0530 (India Standard Time) req URL: /api/products  reqBody:{}","service":"request-logging"}
{"level":"info","message":"Wed Jan 22 2025 07:02:45 GMT+0530 (India Standard Time) req URL: /api/products  reqBody:{}","service":"request-logging"}
{"level":"info","message":"Wed Jan 22 2025 07:03:14 GMT+0530 (India Standard Time) req URL: /api/products/679048a973f00ed8fef1ecb9  reqBody:{}","service":"request-logging"}
{"level":"info","message":"Wed Jan 22 2025 07:03:33 GMT+0530 (India Standard Time) req URL: /api/products/679048a973f00ed8fef1ecb9  reqBody:{}","service":"request-logging"}
{"level":"info","message":"Wed Jan 22 2025 07:05:47 GMT+0530 (India Standard Time) req URL: /api/products/679048a973f00ed8fef1ecb9  reqBody:{}","service":"request-logging"}
{"level":"info","message":"Wed Jan 22 2025 07:06:27 GMT+0530 (India Standard Time) req URL: /api/products/679048a973f00ed8fef1ecb9  reqBody:{}","service":"request-logging"}
{"level":"info","message":"Wed Jan 22 2025 07:07:33 GMT+0530 (India Standard Time) req URL: /api/products/679048a973f00ed8fef1ecb9  reqBody:{}","service":"request-logging"}
{"level":"info","message":"Wed Jan 22 2025 07:07:55 GMT+0530 (India Standard Time) req URL: /api/products/679048a973f00ed8fef1ecb9  reqBody:{}","service":"request-logging"}
{"level":"info","message":"Wed Jan 22 2025 07:08:25 GMT+0530 (India Standard Time) req URL: /api/products/679048a973f00ed8fef1ecb9  reqBody:{}","service":"request-logging"}
{"level":"info","message":"Wed Jan 22 2025 07:09:09 GMT+0530 (India Standard Time) req URL: /api/products/679048a973f00ed8fef1ecb9  reqBody:{}","service":"request-logging"}
{"level":"info","message":"Wed Jan 22 2025 07:10:08 GMT+0530 (India Standard Time) req URL: /api/products/679048a973f00ed8fef1ecb9  reqBody:{}","service":"request-logging"}
{"level":"info","message":"Wed Jan 22 2025 07:10:39 GMT+0530 (India Standard Time) req URL: /api/products/67904aa7dc5afb284eced14d  reqBody:{}","service":"request-logging"}
{"level":"info","message":"Wed Jan 22 2025 07:12:06 GMT+0530 (India Standard Time) req URL: /api/products/67904aa7dc5afb284eced14d  reqBody:{}","service":"request-logging"}
{"level":"info","message":"Wed Jan 22 2025 07:12:33 GMT+0530 (India Standard Time) req URL: /api/products/67904aa7dc5afb284eced14d  reqBody:{}","service":"request-logging"}
{"level":"info","message":"Wed Jan 22 2025 15:36:52 GMT+0530 (India Standard Time) req URL: /api/users/signin  reqBody:{\"email\":\"seller@ecom.com\",\"password\":\"123456\"}","service":"request-logging"}
{"level":"info","message":"Wed Jan 22 2025 15:37:53 GMT+0530 (India Standard Time) req URL: /api/products  reqBody:{}","service":"request-logging"}
{"level":"info","message":"Wed Jan 22 2025 17:04:51 GMT+0530 (India Standard Time) req URL: /api/products/67904aa7dc5afb284eced14d  reqBody:{}","service":"request-logging"}
{"level":"info","message":"Wed Jan 22 2025 17:04:55 GMT+0530 (India Standard Time) req URL: /api/users/signin  reqBody:{\"email\":\"seller@ecom.com\",\"password\":\"123456\"}","service":"request-logging"}
{"level":"info","message":"Wed Jan 22 2025 17:05:17 GMT+0530 (India Standard Time) req URL: /api/products/67904aa7dc5afb284eced14d  reqBody:{}","service":"request-logging"}
{"level":"info","message":"Wed Jan 22 2025 17:05:22 GMT+0530 (India Standard Time) req URL: /api/products  reqBody:{}","service":"request-logging"}
{"level":"info","message":"Wed Jan 22 2025 17:05:35 GMT+0530 (India Standard Time) req URL: /api/products/6790c379ef30fc6e2cdea775  reqBody:{}","service":"request-logging"}
{"level":"info","message":"Wed Jan 22 2025 17:06:56 GMT+0530 (India Standard Time) req URL: /api/products/6790c379ef30fc6e2cdea775  reqBody:{}","service":"request-logging"}
{"level":"info","message":"Wed Jan 22 2025 17:07:46 GMT+0530 (India Standard Time) req URL: /api/products/6790c379ef30fc6e2cdea775  reqBody:{}","service":"request-logging"}
{"level":"info","message":"Wed Jan 22 2025 17:07:59 GMT+0530 (India Standard Time) req URL: /api/products  reqBody:{}","service":"request-logging"}
{"level":"info","message":"Wed Jan 22 2025 17:08:28 GMT+0530 (India Standard Time) req URL: /api/products  reqBody:{}","service":"request-logging"}
{"level":"info","message":"Wed Jan 22 2025 17:21:07 GMT+0530 (India Standard Time) req URL: /api/products/filter?minPrice=10&maxPrice=25&category=Cateogory1  reqBody:{}","service":"request-logging"}
{"level":"info","message":"Wed Jan 22 2025 17:21:19 GMT+0530 (India Standard Time) req URL: /api/products/filter?minPrice=10&maxPrice=25&category=Cateogory1  reqBody:{}","service":"request-logging"}
{"level":"info","message":"Wed Jan 22 2025 17:21:26 GMT+0530 (India Standard Time) req URL: /api/products/filter?minPrice=10&maxPrice=25  reqBody:{}","service":"request-logging"}
{"level":"info","message":"Wed Jan 22 2025 17:21:35 GMT+0530 (India Standard Time) req URL: /api/products/filter?minPrice=10  reqBody:{}","service":"request-logging"}
{"level":"info","message":"Wed Jan 22 2025 17:21:59 GMT+0530 (India Standard Time) req URL: /api/products/filter?minPrice=10  reqBody:{}","service":"request-logging"}
{"level":"info","message":"Wed Jan 22 2025 17:22:06 GMT+0530 (India Standard Time) req URL: /api/products/filter?minPrice=10&maxPrice=25&category=Cateogory1  reqBody:{}","service":"request-logging"}
{"level":"info","message":"Wed Jan 22 2025 17:22:12 GMT+0530 (India Standard Time) req URL: /api/products/filter?minPrice=10&maxPrice=25  reqBody:{}","service":"request-logging"}
{"level":"info","message":"Wed Jan 22 2025 17:22:26 GMT+0530 (India Standard Time) req URL: /api/products/filter?minPrice=10  reqBody:{}","service":"request-logging"}
{"level":"info","message":"Wed Jan 22 2025 17:23:00 GMT+0530 (India Standard Time) req URL: /api/products/filter?minPrice=10&maxPrice=25  reqBody:{}","service":"request-logging"}
{"level":"info","message":"Wed Jan 22 2025 19:14:36 GMT+0530 (India Standard Time) req URL: /api/products/filter?minPrice=50  reqBody:{}","service":"request-logging"}
{"level":"info","message":"Wed Jan 22 2025 19:14:39 GMT+0530 (India Standard Time) req URL: /api/users/signin  reqBody:{\"email\":\"seller@ecom.com\",\"password\":\"123456\"}","service":"request-logging"}
{"level":"info","message":"Wed Jan 22 2025 19:14:57 GMT+0530 (India Standard Time) req URL: /api/products/filter?minPrice=50  reqBody:{}","service":"request-logging"}
{"level":"info","message":"Wed Jan 22 2025 19:35:36 GMT+0530 (India Standard Time) req URL: /api/products/rate  reqBody:{\"productId\":\"6790c379ef30fc6e2cdea775\",\"rating\":4.5}","service":"request-logging"}
{"level":"info","message":"Wed Jan 22 2025 19:35:50 GMT+0530 (India Standard Time) req URL: /api/products/rate  reqBody:{\"productId\":\"6790c379ef30fc6e2cdea775\",\"rating\":4.5}","service":"request-logging"}
{"level":"info","message":"Wed Jan 22 2025 19:37:15 GMT+0530 (India Standard Time) req URL: /api/products/rate  reqBody:{\"productId\":\"6790c379ef30fc6e2cdea775\",\"rating\":4.5}","service":"request-logging"}
{"level":"info","message":"Wed Jan 22 2025 19:38:21 GMT+0530 (India Standard Time) req URL: /api/products/rate  reqBody:{\"productId\":\"6790c379ef30fc6e2cdea775\",\"rating\":4.5}","service":"request-logging"}
{"level":"info","message":"Wed Jan 22 2025 19:39:13 GMT+0530 (India Standard Time) req URL: /api/users/signin  reqBody:{\"email\":\"seller@ecom.com\",\"password\":\"123456\"}","service":"request-logging"}
{"level":"info","message":"Wed Jan 22 2025 19:39:35 GMT+0530 (India Standard Time) req URL: /api/products/rate  reqBody:{\"productId\":\"6790c379ef30fc6e2cdea775\",\"rating\":4.5}","service":"request-logging"}
{"level":"info","message":"Wed Jan 22 2025 19:46:46 GMT+0530 (India Standard Time) req URL: /api/products/rate  reqBody:{\"productId\":\"6790c379ef30fc6e2cdea775\",\"rating\":4.5}","service":"request-logging"}
{"level":"info","message":"Wed Jan 22 2025 19:47:35 GMT+0530 (India Standard Time) req URL: /api/users/signin  reqBody:{\"email\":\"seller@ecom.com\",\"password\":\"123456\"}","service":"request-logging"}
{"level":"info","message":"Wed Jan 22 2025 19:47:57 GMT+0530 (India Standard Time) req URL: /api/products/filter?minPrice=50  reqBody:{}","service":"request-logging"}
{"level":"info","message":"Wed Jan 22 2025 19:48:02 GMT+0530 (India Standard Time) req URL: /api/products/rate  reqBody:{\"productId\":\"6790c379ef30fc6e2cdea775\",\"rating\":4.5}","service":"request-logging"}
{"level":"info","message":"Wed Jan 22 2025 19:51:12 GMT+0530 (India Standard Time) req URL: /api/products  reqBody:{}","service":"request-logging"}
{"level":"info","message":"Wed Jan 22 2025 19:51:15 GMT+0530 (India Standard Time) req URL: /api/products/rate  reqBody:{\"productId\":\"6790c379ef30fc6e2cdea775\",\"rating\":4.5}","service":"request-logging"}
{"level":"info","message":"Wed Jan 22 2025 19:52:51 GMT+0530 (India Standard Time) req URL: /api/products/rate  reqBody:{\"productId\":\"6790fed880c4236eef0e64bcc\",\"rating\":4.5}","service":"request-logging"}
{"level":"info","message":"Wed Jan 22 2025 19:52:57 GMT+0530 (India Standard Time) req URL: /api/products/rate  reqBody:{\"productId\":\"6790fed880c4236eef0e64bc\",\"rating\":4.5}","service":"request-logging"}
{"level":"info","message":"Wed Jan 22 2025 19:53:32 GMT+0530 (India Standard Time) req URL: /api/products/rate  reqBody:{\"productId\":\"6790fed880c4236eef0e64bcx\",\"rating\":4.5}","service":"request-logging"}
{"level":"info","message":"Thu Jan 23 2025 06:16:44 GMT+0530 (India Standard Time) req URL: /api/users/signin  reqBody:{\"email\":\"seller@ecom.com\",\"password\":\"123456\"}","service":"request-logging"}
{"level":"info","message":"Thu Jan 23 2025 06:17:51 GMT+0530 (India Standard Time) req URL: /api/products/rate  reqBody:{\"productId\":\"6790fed880c4236eef0e64bc\",\"rating\":3.2}","service":"request-logging"}
{"level":"info","message":"Thu Jan 23 2025 06:18:42 GMT+0530 (India Standard Time) req URL: /api/products  reqBody:{}","service":"request-logging"}
{"level":"info","message":"Thu Jan 23 2025 06:21:02 GMT+0530 (India Standard Time) req URL: /api/products  reqBody:{}","service":"request-logging"}
{"level":"info","message":"Thu Jan 23 2025 06:21:40 GMT+0530 (India Standard Time) req URL: /api/products  reqBody:{}","service":"request-logging"}
{"level":"info","message":"Thu Jan 23 2025 06:22:05 GMT+0530 (India Standard Time) req URL: /api/products  reqBody:{}","service":"request-logging"}
{"level":"info","message":"Thu Jan 23 2025 06:22:57 GMT+0530 (India Standard Time) req URL: /api/products/rate  reqBody:{\"productId\":\"6791929c276474c46bd730c0\",\"rating\":3.2}","service":"request-logging"}
{"level":"info","message":"Thu Jan 23 2025 06:23:47 GMT+0530 (India Standard Time) req URL: /api/products/rate  reqBody:{\"productId\":\"6791929c276474c46bd730c0\",\"rating\":3.2}","service":"request-logging"}
{"level":"info","message":"Thu Jan 23 2025 06:24:11 GMT+0530 (India Standard Time) req URL: /api/products/rate  reqBody:{\"productId\":\"6791929c276474c46bd730c0\",\"rating\":4}","service":"request-logging"}
{"level":"info","message":"Thu Jan 23 2025 06:25:20 GMT+0530 (India Standard Time) req URL: /api/products/rate  reqBody:{\"productId\":\"6791929c276474c46bd730c0\",\"rating\":4}","service":"request-logging"}
{"level":"info","message":"Thu Jan 23 2025 06:28:15 GMT+0530 (India Standard Time) req URL: /api/products/rate  reqBody:{\"productId\":\"6791929c276474c46bd730c0\",\"rating\":3.5}","service":"request-logging"}
{"level":"info","message":"Thu Jan 23 2025 06:28:56 GMT+0530 (India Standard Time) req URL: /api/products/rate  reqBody:{\"productId\":\"6791929c276474c46bd730c0\",\"rating\":3.5}","service":"request-logging"}
{"level":"info","message":"Thu Jan 23 2025 06:29:35 GMT+0530 (India Standard Time) req URL: /api/products/rate  reqBody:{\"productId\":\"6791929c276474c46bd730c0\",\"rating\":4.5}","service":"request-logging"}
{"level":"info","message":"Thu Jan 23 2025 06:31:23 GMT+0530 (India Standard Time) req URL: /api/products/rate  reqBody:{\"productId\":\"67763dd51ed54e2644564858\",\"rating\":4.5}","service":"request-logging"}
{"level":"info","message":"Thu Jan 23 2025 06:31:41 GMT+0530 (India Standard Time) req URL: /api/products/rate  reqBody:{\"productId\":\"67763dd51ed54e2644564858\",\"rating\":3.5}","service":"request-logging"}
{"level":"info","message":"Thu Jan 23 2025 06:56:02 GMT+0530 (India Standard Time) req URL: /api/products/rate  reqBody:{\"productId\":\"67763dd51ed54e2644564858\",\"rating\":4.5}","service":"request-logging"}
{"level":"info","message":"Thu Jan 23 2025 06:57:30 GMT+0530 (India Standard Time) req URL: /api/products/rate  reqBody:{\"productId\":\"67763dd51ed54e2644564858\",\"rating\":4.5}","service":"request-logging"}
{"level":"info","message":"Thu Jan 23 2025 06:57:47 GMT+0530 (India Standard Time) req URL: /api/products/rate  reqBody:{\"productId\":\"67763dd51ed54e2644564858\",\"rating\":3.5}","service":"request-logging"}
